# JRE version: OpenJDK Runtime Environment (8.0_202) (build 1.8.0_202-release-1483-b49-5587405)
# Java VM: OpenJDK 64-Bit Server VM (25.202-b49-5587405 mixed mode linux-amd64 compressed oops)
Heap:
 PSYoungGen      total 358400K, used 56421K [0x00000000e0000000, 0x00000000f9600000, 0x0000000100000000)
  eden space 301056K, 0% used [0x00000000e0000000,0x00000000e0000000,0x00000000f2600000)
  from space 57344K, 98% used [0x00000000f2600000,0x00000000f5d19680,0x00000000f5e00000)
  to   space 56320K, 0% used [0x00000000f5f00000,0x00000000f5f00000,0x00000000f9600000)
 ParOldGen       total 155648K, used 87710K [0x00000000a0000000, 0x00000000a9800000, 0x00000000e0000000)
  object space 155648K, 56% used [0x00000000a0000000,0x00000000a55a7860,0x00000000a9800000)
 Metaspace       used 75585K, capacity 78629K, committed 79104K, reserved 1118208K
  class space    used 9376K, capacity 9911K, committed 9984K, reserved 1048576K
GC Heap History (10 events):
Event: 2194.418 GC heap after
Heap after GC invocations=22 (full 3):
 PSYoungGen      total 228864K, used 23532K [0x00000000e0000000, 0x00000000f1d00000, 0x0000000100000000)
  eden space 205312K, 0% used [0x00000000e0000000,0x00000000e0000000,0x00000000ec880000)
  from space 23552K, 99% used [0x00000000ec880000,0x00000000edf7b3d8,0x00000000edf80000)
  to   space 31744K, 0% used [0x00000000efe00000,0x00000000efe00000,0x00000000f1d00000)
 ParOldGen       total 87552K, used 45370K [0x00000000a0000000, 0x00000000a5580000, 0x00000000e0000000)
  object space 87552K, 51% used [0x00000000a0000000,0x00000000a2c4e908,0x00000000a5580000)
 Metaspace       used 74743K, capacity 77963K, committed 78080K, reserved 1118208K
  class space    used 9367K, capacity 9932K, committed 9984K, reserved 1048576K
}
Event: 2199.614 GC heap before
{Heap before GC invocations=23 (full 3):
 PSYoungGen      total 228864K, used 228844K [0x00000000e0000000, 0x00000000f1d00000, 0x0000000100000000)
  eden space 205312K, 100% used [0x00000000e0000000,0x00000000ec880000,0x00000000ec880000)
  from space 23552K, 99% used [0x00000000ec880000,0x00000000edf7b3d8,0x00000000edf80000)
  to   space 31744K, 0% used [0x00000000efe00000,0x00000000efe00000,0x00000000f1d00000)
 ParOldGen       total 87552K, used 45370K [0x00000000a0000000, 0x00000000a5580000, 0x00000000e0000000)
  object space 87552K, 51% used [0x00000000a0000000,0x00000000a2c4e908,0x00000000a5580000)
 Metaspace       used 75552K, capacity 78763K, committed 78848K, reserved 1118208K
  class space    used 9408K, capacity 9964K, committed 9984K, reserved 1048576K
Event: 2201.281 GC heap after
Heap after GC invocations=23 (full 3):
 PSYoungGen      total 251392K, used 31730K [0x00000000e0000000, 0x00000000f5c00000, 0x0000000100000000)
  eden space 219648K, 0% used [0x00000000e0000000,0x00000000e0000000,0x00000000ed680000)
  from space 31744K, 99% used [0x00000000efe00000,0x00000000f1cfcae8,0x00000000f1d00000)
  to   space 40448K, 0% used [0x00000000ed680000,0x00000000ed680000,0x00000000efe00000)
 ParOldGen       total 87552K, used 56024K [0x00000000a0000000, 0x00000000a5580000, 0x00000000e0000000)
  object space 87552K, 63% used [0x00000000a0000000,0x00000000a36b6000,0x00000000a5580000)
 Metaspace       used 75552K, capacity 78763K, committed 78848K, reserved 1118208K
  class space    used 9408K, capacity 9964K, committed 9984K, reserved 1048576K
}
Event: 2201.725 GC heap before
{Heap before GC invocations=24 (full 3):
 PSYoungGen      total 251392K, used 251378K [0x00000000e0000000, 0x00000000f5c00000, 0x0000000100000000)
  eden space 219648K, 100% used [0x00000000e0000000,0x00000000ed680000,0x00000000ed680000)
  from space 31744K, 99% used [0x00000000efe00000,0x00000000f1cfcae8,0x00000000f1d00000)
  to   space 40448K, 0% used [0x00000000ed680000,0x00000000ed680000,0x00000000efe00000)
 ParOldGen       total 87552K, used 56024K [0x00000000a0000000, 0x00000000a5580000, 0x00000000e0000000)
  object space 87552K, 63% used [0x00000000a0000000,0x00000000a36b6000,0x00000000a5580000)
 Metaspace       used 75557K, capacity 78763K, committed 78848K, reserved 1118208K
  class space    used 9408K, capacity 9964K, committed 9984K, reserved 1048576K
Event: 2202.320 GC heap after
Heap after GC invocations=24 (full 3):
 PSYoungGen      total 260096K, used 40420K [0x00000000e0000000, 0x00000000f9600000, 0x0000000100000000)
  eden space 219648K, 0% used [0x00000000e0000000,0x00000000e0000000,0x00000000ed680000)
  from space 40448K, 99% used [0x00000000ed680000,0x00000000efdf93f8,0x00000000efe00000)
  to   space 56320K, 0% used [0x00000000f5f00000,0x00000000f5f00000,0x00000000f9600000)
 ParOldGen       total 87552K, used 80993K [0x00000000a0000000, 0x00000000a5580000, 0x00000000e0000000)
  object space 87552K, 92% used [0x00000000a0000000,0x00000000a4f18668,0x00000000a5580000)
 Metaspace       used 75557K, capacity 78763K, committed 78848K, reserved 1118208K
  class space    used 9408K, capacity 9964K, committed 9984K, reserved 1048576K
}
Event: 2202.320 GC heap before
{Heap before GC invocations=25 (full 4):
 PSYoungGen      total 260096K, used 40420K [0x00000000e0000000, 0x00000000f9600000, 0x0000000100000000)
  eden space 219648K, 0% used [0x00000000e0000000,0x00000000e0000000,0x00000000ed680000)
  from space 40448K, 99% used [0x00000000ed680000,0x00000000efdf93f8,0x00000000efe00000)
  to   space 56320K, 0% used [0x00000000f5f00000,0x00000000f5f00000,0x00000000f9600000)
 ParOldGen       total 87552K, used 80993K [0x00000000a0000000, 0x00000000a5580000, 0x00000000e0000000)
  object space 87552K, 92% used [0x00000000a0000000,0x00000000a4f18668,0x00000000a5580000)
 Metaspace       used 75557K, capacity 78763K, committed 78848K, reserved 1118208K
  class space    used 9408K, capacity 9964K, committed 9984K, reserved 1048576K
Event: 2222.705 GC heap after
Heap after GC invocations=25 (full 4):
 PSYoungGen      total 260096K, used 3020K [0x00000000e0000000, 0x00000000f9600000, 0x0000000100000000)
  eden space 219648K, 0% used [0x00000000e0000000,0x00000000e0000000,0x00000000ed680000)
  from space 40448K, 7% used [0x00000000ed680000,0x00000000ed973340,0x00000000efe00000)
  to   space 56320K, 0% used [0x00000000f5f00000,0x00000000f5f00000,0x00000000f9600000)
 ParOldGen       total 155648K, used 87454K [0x00000000a0000000, 0x00000000a9800000, 0x00000000e0000000)
  object space 155648K, 56% used [0x00000000a0000000,0x00000000a5567820,0x00000000a9800000)
 Metaspace       used 75400K, capacity 78501K, committed 78848K, reserved 1118208K
  class space    used 9375K, capacity 9911K, committed 9984K, reserved 1048576K
}
Event: 2223.471 GC heap before
{Heap before GC invocations=26 (full 4):
 PSYoungGen      total 260096K, used 222668K [0x00000000e0000000, 0x00000000f9600000, 0x0000000100000000)
  eden space 219648K, 100% used [0x00000000e0000000,0x00000000ed680000,0x00000000ed680000)
  from space 40448K, 7% used [0x00000000ed680000,0x00000000ed973340,0x00000000efe00000)
  to   space 56320K, 0% used [0x00000000f5f00000,0x00000000f5f00000,0x00000000f9600000)
 ParOldGen       total 155648K, used 87454K [0x00000000a0000000, 0x00000000a9800000, 0x00000000e0000000)
  object space 155648K, 56% used [0x00000000a0000000,0x00000000a5567820,0x00000000a9800000)
 Metaspace       used 75420K, capacity 78501K, committed 78848K, reserved 1118208K
  class space    used 9376K, capacity 9911K, committed 9984K, reserved 1048576K
Event: 2223.806 GC heap after
Heap after GC invocations=26 (full 4):
 PSYoungGen      total 357376K, used 32564K [0x00000000e0000000, 0x00000000f9600000, 0x0000000100000000)
  eden space 301056K, 0% used [0x00000000e0000000,0x00000000e0000000,0x00000000f2600000)
  from space 56320K, 57% used [0x00000000f5f00000,0x00000000f7ecd078,0x00000000f9600000)
  to   space 57344K, 0% used [0x00000000f2600000,0x00000000f2600000,0x00000000f5e00000)
 ParOldGen       total 155648K, used 87454K [0x00000000a0000000, 0x00000000a9800000, 0x00000000e0000000)
  object space 155648K, 56% used [0x00000000a0000000,0x00000000a5567820,0x00000000a9800000)
 Metaspace       used 75420K, capacity 78501K, committed 78848K, reserved 1118208K
  class space    used 9376K, capacity 9911K, committed 9984K, reserved 1048576K
}
Event: 2226.997 GC heap before
{Heap before GC invocations=27 (full 4):
 PSYoungGen      total 357376K, used 333620K [0x00000000e0000000, 0x00000000f9600000, 0x0000000100000000)
  eden space 301056K, 100% used [0x00000000e0000000,0x00000000f2600000,0x00000000f2600000)
  from space 56320K, 57% used [0x00000000f5f00000,0x00000000f7ecd078,0x00000000f9600000)
  to   space 57344K, 0% used [0x00000000f2600000,0x00000000f2600000,0x00000000f5e00000)
 ParOldGen       total 155648K, used 87454K [0x00000000a0000000, 0x00000000a9800000, 0x00000000e0000000)
  object space 155648K, 56% used [0x00000000a0000000,0x00000000a5567820,0x00000000a9800000)
 Metaspace       used 75585K, capacity 78629K, committed 79104K, reserved 1118208K
  class space    used 9376K, capacity 9911K, committed 9984K, reserved 1048576K

